Arguments: 
  C:\Program Files\nodejs\node.exe C:\Program Files (x86)\Yarn\bin\yarn.js add express

PATH: 
  %SystemRoot%\system32\WindowsPowerShell\v1.0\;C:\Windows\system32;C:\Windows;C:\Windows\System32\Wbem;C:\Windows\System32\WindowsPowerShell\v1.0\;C:\Program Files\Microsoft SQL Server\110\Tools\Binn\;C:\Program Files\Microsoft SQL Server\120\DTS\Binn\;C:\Program Files\Microsoft SQL Server\Client SDK\ODBC\110\Tools\Binn\;C:\Program Files (x86)\Microsoft SQL Server\120\Tools\Binn\;C:\Program Files\Microsoft SQL Server\120\Tools\Binn\;C:\Program Files (x86)\Microsoft SQL Server\120\Tools\Binn\ManagementStudio\;C:\Program Files (x86)\Microsoft SQL Server\120\DTS\Binn\;C:\Program Files\Microsoft\Web Platform Installer\;C:\Windows\System32\WindowsPowerShell\v1.0\;C:\Program Files\Microsoft SQL Server\130\Tools\Binn\;C:\Program Files\Microsoft DNX\Dnvm\;C:\Program Files\dotnet\;C:\Program Files\nodejs\C:\Program Files\MongoDB\Server\3.4\bin;C:\Program Files\nodejs\C:\Program Files\MongoDB\Server\4.0\bin;C:\Program Files\nodejs;C:\Windows\SysWOW64\WindowsPowerShell\v1.0;C:\\Program Files\\Git\\bin\\bash.exe;C:\Windows\system32\WindowsPowerShell\v1.0\powershell.exe;C:\Program Files\Git\cmd;C:\Windows\System32\WindowsPowerShell\v1.0\;C:\Program Files\Dart\dart-sdk\bin;C:\Users\jamil\AppData\Local\Programs\Python\Python35;c:\Users\jamil\AppData\Local\Programs\Python\Python38;C:\Program Files\MongoDB\Server\4.0\bin;C:\Program Files (x86)\Yarn\bin\;C:\Program Files\nodejs\;C:\ProgramData\Miniconda3\Scripts;'C:\Users\jamil\AppData\Roaming\Python\Python37\Scripts;C:\ProgramData\Miniconda3\Scripts;C:\Users\jamil\AppData\Local\Programs\Python\Python37\Scripts\;C:\Users\jamil\AppData\Local\Programs\Python\Python37\;C:\src\flutter\bin;C:\Program Files\PowerShell\6;C:\Program Files\Git\bin;C:\Users\jamil\node_modules\@angular\cli;C:\Users\jamil\AppData\Local\Programs\Microsoft VS Code\bin;C:\Users\jamil\.dotnet\tools;C:/Users/jamil/AppData/Local/Programs/Python/Python35/python.exe;C:\Users\jamil\AppData\Local\Yarn\bin;C:\Users\jamil\AppData\Roaming\npm

Yarn version: 
  1.21.1

Node version: 
  12.16.1

Platform: 
  win32 x64

Trace: 
  Error: getaddrinfo ENOTFOUND registry.yarnpkg.com
      at GetAddrInfoReqWrap.onlookup [as oncomplete] (dns.js:64:26)

npm manifest: 
  {
    "name": "node-chat-app",
    "version": "1.0.0",
    "description": "",
    "main": "index.js",
    "scripts": {
      "test": "echo \"Error: no test specified\" && exit 1"
    },
    "keywords": [],
    "author": "",
    "license": "ISC"
  }

yarn manifest: 
  No manifest

Lockfile: 
  No lockfile
